<?xml version="1.0" encoding="UTF-8"?>
<testsuite name="adressbook.tests.GroupCreation" tests="4" skipped="0" failures="0" errors="0" timestamp="2019-01-08T13:00:06" hostname="LAPTOP-4THFCTEK" time="34.13">
  <properties/>
  <testcase name="testGroupCreation[0](GroupData{id='2147483647', name='test0'})" classname="adressbook.tests.GroupCreation" time="13.753"/>
  <testcase name="testGroupCreation[1](GroupData{id='2147483647', name='test1'})" classname="adressbook.tests.GroupCreation" time="7.059"/>
  <testcase name="testGroupCreation[2](GroupData{id='2147483647', name='test2'})" classname="adressbook.tests.GroupCreation" time="6.492"/>
  <testcase name="testGroupCreation[3](GroupData{id='2147483647', name='test3'})" classname="adressbook.tests.GroupCreation" time="6.822"/>
  <system-out><![CDATA[]]></system-out>
  <system-err><![CDATA[]]></system-err>
</testsuite>
