<?xml version="1.0" encoding="UTF-8"?>
<testsuite name="adressbook.tests.GroupCreation" tests="4" skipped="0" failures="0" errors="0" timestamp="2019-01-08T11:22:07" hostname="LAPTOP-4THFCTEK" time="31.843">
  <properties/>
  <testcase name="testGroupCreation[0](GroupData{id='2147483647', name='test0'})" classname="adressbook.tests.GroupCreation" time="11.506"/>
  <testcase name="testGroupCreation[1](GroupData{id='2147483647', name='test1'})" classname="adressbook.tests.GroupCreation" time="6.172"/>
  <testcase name="testGroupCreation[2](GroupData{id='2147483647', name='test2'})" classname="adressbook.tests.GroupCreation" time="6.829"/>
  <testcase name="testGroupCreation[3](GroupData{id='2147483647', name='test3'})" classname="adressbook.tests.GroupCreation" time="7.335"/>
  <system-out><![CDATA[]]></system-out>
  <system-err><![CDATA[console.error: BroadcastService: 
  receivedBroadcastMessage: handler for
  remote-settings/monitor_changes
  threw error:
  Message: Error: Polling for changes failed: NetworkError when attempting to fetch resource..
  Stack:
    remoteSettingsFunction/remoteSettings.pollChanges@resource://services-settings/remote-settings.js:750:13

]]></system-err>
</testsuite>
