<?xml version="1.0" encoding="UTF-8"?>
<testsuite name="adressbook.tests.GroupDeletionTests" tests="1" skipped="0" failures="0" errors="0" timestamp="2019-01-08T11:22:47" hostname="LAPTOP-4THFCTEK" time="6.237">
  <properties/>
  <testcase name="testGroupDelection" classname="adressbook.tests.GroupDeletionTests" time="6.237"/>
  <system-out><![CDATA[]]></system-out>
  <system-err><![CDATA[]]></system-err>
</testsuite>
